<?xml version="1.0" encoding="UTF-8"?>
<!-- Generated by org.testng.reporters.JUnitReportReporter -->
<testsuite hostname="DESKTOP-FNI0RQV" failures="0" tests="1" name="com.KodaCars.qa.pages.AddReservationPage" time="7.425" errors="0" timestamp="2025-01-23T19:20:51 EST" skipped="0">
  <testcase classname="com.KodaCars.qa.pages.AddReservationPage" name="initialization" time="7.425"/>
  <system-out/>
</testsuite> <!-- com.KodaCars.qa.pages.AddReservationPage -->
