<?xml version="1.0" encoding="UTF-8"?>
<!-- Generated by org.testng.reporters.JUnitReportReporter -->
<testsuite hostname="DESKTOP-FNI0RQV" failures="0" tests="2" name="com.KodaCars.qa.testcases.VehicleDetailsTest" time="8.294" errors="0" timestamp="2025-03-05T23:12:30 EST" skipped="0">
  <testcase classname="com.KodaCars.qa.testcases.VehicleDetailsTest" name="EnterVehicleDetails" time="2.613"/>
  <system-out>
    <![CDATA[EnterVehicleDetails Reporter: Test started.
EnterVehicleDetailsReporter: Test is success.]]>
  </system-out>
  <testcase classname="com.KodaCars.qa.testcases.VehicleDetailsTest" name="initialization" time="5.681"/>
  <system-out>
    <![CDATA[initialization Reporter: Test started.
initializationReporter: Test is success.]]>
  </system-out>
</testsuite> <!-- com.KodaCars.qa.testcases.VehicleDetailsTest -->
