<?xml version="1.0" encoding="UTF-8"?>
<!-- Generated by org.testng.reporters.JUnitReportReporter -->
<testsuite hostname="DESKTOP-FNI0RQV" failures="0" tests="1" name="ztest.TestingPractice" time="15.715" errors="0" timestamp="2025-01-24T23:37:33 EST" skipped="0">
  <testcase classname="ztest.TestingPractice" name="initialization" time="15.715"/>
  <system-out/>
</testsuite> <!-- ztest.TestingPractice -->
