<?xml version="1.0" encoding="UTF-8"?>
<!-- Generated by org.testng.reporters.JUnitReportReporter -->
<testsuite hostname="DESKTOP-FNI0RQV" failures="0" tests="1" name="com.KodaCars.qa.pages.LoginPage" time="5.986" errors="0" timestamp="2025-01-21T17:29:38 EST" skipped="0">
  <testcase classname="com.KodaCars.qa.pages.LoginPage" name="initialization" time="5.986"/>
  <system-out/>
</testsuite> <!-- com.KodaCars.qa.pages.LoginPage -->
