<?xml version="1.0" encoding="UTF-8"?>
<!-- Generated by org.testng.reporters.JUnitReportReporter -->
<testsuite hostname="DESKTOP-FNI0RQV" failures="0" tests="1" name="ztest.TestPractice2" time="25.111" errors="0" timestamp="2025-01-31T08:29:59 EST" skipped="0">
  <testcase classname="ztest.TestPractice2" name="initialization" time="25.111"/>
  <system-out/>
</testsuite> <!-- ztest.TestPractice2 -->
