<?xml version="1.0" encoding="UTF-8"?>
<!-- Generated by org.testng.reporters.JUnitReportReporter -->
<testsuite hostname="DESKTOP-FNI0RQV" failures="0" tests="2" name="com.KodaCars.qa.testcases.AddReservationPageTest" time="27.974" errors="0" timestamp="2025-01-25T23:20:56 EST" skipped="0">
  <testcase classname="com.KodaCars.qa.testcases.AddReservationPageTest" name="initialization" time="15.645"/>
  <system-out/>
  <testcase classname="com.KodaCars.qa.testcases.AddReservationPageTest" name="Reservation" time="12.329"/>
  <system-out/>
</testsuite> <!-- com.KodaCars.qa.testcases.AddReservationPageTest -->
