<?xml version="1.0" encoding="UTF-8"?>
<!-- Generated by org.testng.reporters.JUnitReportReporter -->
<testsuite hostname="DESKTOP-FNI0RQV" failures="0" tests="1" name="ztest.TestPractice2" time="15.932" errors="0" timestamp="2025-01-29T21:10:40 EST" skipped="0">
  <testcase classname="ztest.TestPractice2" name="initialization" time="15.932"/>
  <system-out/>
</testsuite> <!-- ztest.TestPractice2 -->
