<?xml version="1.0" encoding="UTF-8"?>
<!-- Generated by org.testng.reporters.JUnitReportReporter -->
<testsuite hostname="DESKTOP-FNI0RQV" failures="0" tests="2" name="com.KodaCars.qa.testcases.VehicleDetailsTest" time="36.243" errors="0" timestamp="2025-01-26T00:14:16 EST" skipped="0">
  <testcase classname="com.KodaCars.qa.testcases.VehicleDetailsTest" name="initialization" time="20.995"/>
  <system-out/>
  <testcase classname="com.KodaCars.qa.testcases.VehicleDetailsTest" name="EnterVehicleDetails" time="15.248"/>
  <system-out/>
</testsuite> <!-- com.KodaCars.qa.testcases.VehicleDetailsTest -->
