<?xml version="1.0" encoding="UTF-8"?>
<!-- Generated by org.testng.reporters.JUnitReportReporter -->
<testsuite hostname="DESKTOP-FNI0RQV" failures="0" tests="1" name="com.KodaCars.qa.testcases.DashboradPageTest" time="10.882" errors="0" timestamp="2025-01-22T15:58:40 EST" skipped="0">
  <testcase classname="com.KodaCars.qa.testcases.DashboradPageTest" name="initialization" time="10.882"/>
  <system-out/>
</testsuite> <!-- com.KodaCars.qa.testcases.DashboradPageTest -->
