<?xml version="1.0" encoding="UTF-8"?>
<!-- Generated by org.testng.reporters.JUnitReportReporter -->
<testsuite hostname="DESKTOP-FNI0RQV" failures="0" tests="2" name="com.KodaCars.qa.testcases.AddReservationPageTest" time="32.307" errors="0" timestamp="2025-01-23T21:35:05 EST" skipped="0">
  <testcase classname="com.KodaCars.qa.testcases.AddReservationPageTest" name="Reservation" time="14.782"/>
  <system-out/>
  <testcase classname="com.KodaCars.qa.testcases.AddReservationPageTest" name="initialization" time="17.525"/>
  <system-out/>
</testsuite> <!-- com.KodaCars.qa.testcases.AddReservationPageTest -->
