<?xml version="1.0" encoding="UTF-8"?>
<!-- Generated by org.testng.reporters.JUnitReportReporter -->
<testsuite hostname="DESKTOP-FNI0RQV" failures="0" tests="4" name="com.KodaCars.qa.testcases.LoginPageTest" time="8.159" errors="0" timestamp="2025-03-05T23:12:30 EST" skipped="0">
  <testcase classname="com.KodaCars.qa.testcases.LoginPageTest" name="initialization" time="6.113"/>
  <system-out>
    <![CDATA[initialization Reporter: Test started.
initializationReporter: Test is success.]]>
  </system-out>
  <testcase classname="com.KodaCars.qa.testcases.LoginPageTest" name="loginPageTileTest" time="1.171"/>
  <system-out>
    <![CDATA[loginPageTileTest Reporter: Test started.
loginPageTileTestReporter: Test is success.]]>
  </system-out>
  <testcase classname="com.KodaCars.qa.testcases.LoginPageTest" name="loginPageLogoTest" time="0.083"/>
  <system-out>
    <![CDATA[loginPageLogoTest Reporter: Test started.
loginPageLogoTestReporter: Test is success.]]>
  </system-out>
  <testcase classname="com.KodaCars.qa.testcases.LoginPageTest" name="logintest" time="0.792"/>
  <system-out>
    <![CDATA[logintest Reporter: Test started.
logintestReporter: Test is success.]]>
  </system-out>
</testsuite> <!-- com.KodaCars.qa.testcases.LoginPageTest -->
