<?xml version="1.0" encoding="UTF-8"?>
<!-- Generated by org.testng.reporters.JUnitReportReporter -->
<testsuite hostname="DESKTOP-FNI0RQV" failures="0" tests="2" name="com.KodaCars.qa.testcases.AddReservationPageTest" time="31.928" errors="0" timestamp="2025-01-23T22:16:13 EST" skipped="0">
  <testcase classname="com.KodaCars.qa.testcases.AddReservationPageTest" name="initialization" time="16.365"/>
  <system-out/>
  <testcase classname="com.KodaCars.qa.testcases.AddReservationPageTest" name="Reservation" time="15.563"/>
  <system-out/>
</testsuite> <!-- com.KodaCars.qa.testcases.AddReservationPageTest -->
