<?xml version="1.0" encoding="UTF-8"?>
<!-- Generated by org.testng.reporters.JUnitReportReporter -->
<testsuite hostname="DESKTOP-FNI0RQV" failures="0" tests="2" name="com.KodaCars.qa.testcases.AddReservationPageTest" time="36.433" errors="0" timestamp="2025-03-04T11:07:45 EST" skipped="0">
  <testcase classname="com.KodaCars.qa.testcases.AddReservationPageTest" name="Reservation" time="16.718"/>
  <system-out>
    <![CDATA[Reservation Reporter: Test started.
ReservationReporter: Test is success.]]>
  </system-out>
  <testcase classname="com.KodaCars.qa.testcases.AddReservationPageTest" name="initialization" time="19.715"/>
  <system-out>
    <![CDATA[initialization Reporter: Test started.
initializationReporter: Test is success.]]>
  </system-out>
</testsuite> <!-- com.KodaCars.qa.testcases.AddReservationPageTest -->
