<?xml version="1.0" encoding="UTF-8"?>
<!-- Generated by org.testng.reporters.JUnitReportReporter -->
<testsuite hostname="DESKTOP-FNI0RQV" failures="0" tests="2" name="com.KodaCars.qa.testcases.VehicleDetailsTest" time="35.484" errors="0" timestamp="2025-01-29T21:22:07 EST" skipped="0">
  <testcase classname="com.KodaCars.qa.testcases.VehicleDetailsTest" name="initialization" time="17.862"/>
  <system-out/>
  <testcase classname="com.KodaCars.qa.testcases.VehicleDetailsTest" name="EnterVehicleDetails" time="17.622"/>
  <system-out/>
</testsuite> <!-- com.KodaCars.qa.testcases.VehicleDetailsTest -->
