<?xml version="1.0" encoding="UTF-8"?>
<!-- Generated by org.testng.reporters.JUnitReportReporter -->
<testsuite hostname="DESKTOP-FNI0RQV" failures="0" tests="1" name="com.KodaCars.qa.testcases.DashboradPageTest" time="13.915" errors="0" timestamp="2025-03-05T23:12:30 EST" skipped="0">
  <testcase classname="com.KodaCars.qa.testcases.DashboradPageTest" name="initialization" time="13.915"/>
  <system-out>
    <![CDATA[initialization Reporter: Test started.
initializationReporter: Test is success.]]>
  </system-out>
</testsuite> <!-- com.KodaCars.qa.testcases.DashboradPageTest -->
