<?xml version="1.0" encoding="UTF-8"?>
<!-- Generated by org.testng.reporters.JUnitReportReporter -->
<testsuite hostname="DESKTOP-FNI0RQV" failures="0" tests="4" name="com.KodaCars.qa.testcases.LoginPageTest" time="32.014" errors="0" timestamp="2025-03-04T11:07:45 EST" skipped="0">
  <testcase classname="com.KodaCars.qa.testcases.LoginPageTest" name="initialization" time="11.173"/>
  <system-out>
    <![CDATA[initialization Reporter: Test started.
initializationReporter: Test is success.]]>
  </system-out>
  <testcase classname="com.KodaCars.qa.testcases.LoginPageTest" name="loginPageTileTest" time="8.332"/>
  <system-out>
    <![CDATA[loginPageTileTest Reporter: Test started.
loginPageTileTestReporter: Test is success.]]>
  </system-out>
  <testcase classname="com.KodaCars.qa.testcases.LoginPageTest" name="loginPageLogoTest" time="6.078"/>
  <system-out>
    <![CDATA[loginPageLogoTest Reporter: Test started.
loginPageLogoTestReporter: Test is success.]]>
  </system-out>
  <testcase classname="com.KodaCars.qa.testcases.LoginPageTest" name="logintest" time="6.431"/>
  <system-out>
    <![CDATA[logintest Reporter: Test started.
logintestReporter: Test is success.]]>
  </system-out>
</testsuite> <!-- com.KodaCars.qa.testcases.LoginPageTest -->
