<?xml version="1.0" encoding="UTF-8"?>
<!-- Generated by org.testng.reporters.JUnitReportReporter -->
<testsuite hostname="DESKTOP-FNI0RQV" failures="0" tests="2" name="com.KodaCars.qa.testcases.VehicleDetailsTest" time="41.743" errors="0" timestamp="2025-01-31T19:48:29 EST" skipped="0">
  <testcase classname="com.KodaCars.qa.testcases.VehicleDetailsTest" name="EnterVehicleDetails" time="21.552"/>
  <system-out/>
  <testcase classname="com.KodaCars.qa.testcases.VehicleDetailsTest" name="initialization" time="20.191"/>
  <system-out/>
</testsuite> <!-- com.KodaCars.qa.testcases.VehicleDetailsTest -->
