<?xml version="1.0" encoding="UTF-8"?>
<!-- Generated by org.testng.reporters.JUnitReportReporter -->
<testsuite hostname="DESKTOP-FNI0RQV" failures="0" tests="4" name="com.KodaCars.qa.testcases.LoginPageTest" time="27.249" errors="0" timestamp="2025-01-22T15:45:50 EST" skipped="0">
  <testcase classname="com.KodaCars.qa.testcases.LoginPageTest" name="initialization" time="7.369"/>
  <system-out/>
  <testcase classname="com.KodaCars.qa.testcases.LoginPageTest" name="loginPageTileTest" time="4.509"/>
  <system-out/>
  <testcase classname="com.KodaCars.qa.testcases.LoginPageTest" name="loginPageLogoTest" time="6.709"/>
  <system-out/>
  <testcase classname="com.KodaCars.qa.testcases.LoginPageTest" name="logintest" time="8.662"/>
  <system-out/>
</testsuite> <!-- com.KodaCars.qa.testcases.LoginPageTest -->
