<?xml version="1.0" encoding="UTF-8"?>
<!-- Generated by org.testng.reporters.JUnitReportReporter -->
<testsuite hostname="DESKTOP-FNI0RQV" failures="0" tests="1" name="com.KodaCars.qa.testcases.practice" time="5.291" errors="0" timestamp="2025-01-21T15:19:02 EST" skipped="0">
  <testcase classname="com.KodaCars.qa.testcases.practice" name="initialization" time="5.291"/>
  <system-out/>
</testsuite> <!-- com.KodaCars.qa.testcases.practice -->
