<?xml version="1.0" encoding="UTF-8"?>
<!-- Generated by org.testng.reporters.JUnitReportReporter -->
<testsuite hostname="DESKTOP-FNI0RQV" failures="0" tests="4" name="com.KodaCars.qa.testcases.LoginPageTest" time="4.672" errors="0" timestamp="2025-01-21T17:31:30 EST" skipped="0">
  <testcase classname="com.KodaCars.qa.testcases.LoginPageTest" name="initialization" time="4.273"/>
  <system-out/>
  <testcase classname="com.KodaCars.qa.testcases.LoginPageTest" name="loginPageTileTest" time="0.029"/>
  <system-out/>
  <testcase classname="com.KodaCars.qa.testcases.LoginPageTest" name="loginPageLogoTest" time="0.057"/>
  <system-out/>
  <testcase classname="com.KodaCars.qa.testcases.LoginPageTest" name="logintest" time="0.313"/>
  <system-out/>
</testsuite> <!-- com.KodaCars.qa.testcases.LoginPageTest -->
