<?xml version="1.0" encoding="UTF-8"?>
<!-- Generated by org.testng.reporters.JUnitReportReporter -->
<testsuite hostname="DESKTOP-FNI0RQV" failures="0" tests="1" name="com.KodaCars.qa.pages.DashboardPage" time="6.042" errors="0" timestamp="2025-01-21T17:18:13 EST" skipped="0">
  <testcase classname="com.KodaCars.qa.pages.DashboardPage" name="initialization" time="6.042"/>
  <system-out/>
</testsuite> <!-- com.KodaCars.qa.pages.DashboardPage -->
